2024-03-23 09:17:35,299:INFO:Starting ETL process
2024-03-23 09:17:35,299:INFO:Starting data extraction
2024-03-23 09:23:26,149:INFO:Starting ETL process
2024-03-23 09:23:26,150:INFO:Starting data extraction
2024-03-23 09:23:26,274:INFO:Data extraction completed
2024-03-23 09:23:26,274:INFO:Starting data transformation
2024-03-23 09:23:26,305:INFO:Data transformation completed
2024-03-23 09:23:26,305:INFO:Starting data loading
2024-03-23 09:23:26,453:INFO:Data loading completed
2024-03-23 09:23:26,453:INFO:ETL process completed
2024-03-23 09:23:26,453:INFO:Starting file moving
2024-03-23 09:23:26,455:INFO:File moving completed
2024-03-23 09:23:26,455:INFO:Starting downsampling
2024-03-23 09:23:26,696:INFO:Train file created
2024-03-23 09:23:26,703:INFO:Test file created
2024-03-23 09:24:40,970:INFO:Starting ETL process
2024-03-23 09:24:40,971:INFO:Starting data extraction
2024-03-23 09:25:38,836:INFO:Starting ETL process
2024-03-23 09:25:38,836:INFO:Starting data extraction
2024-03-23 09:25:49,625:INFO:Starting ETL process
2024-03-23 09:25:49,625:INFO:Starting data extraction
2024-03-23 09:25:56,100:INFO:Starting ETL process
2024-03-23 09:25:56,100:INFO:Starting data extraction
2024-03-23 09:28:30,093:INFO:Starting ETL process
2024-03-23 09:28:30,093:INFO:Starting data extraction
2024-03-23 09:28:30,189:INFO:Data extraction completed
2024-03-23 09:28:30,189:INFO:Starting data transformation
2024-03-23 09:28:30,196:INFO:Data transformation completed
2024-03-23 09:28:30,197:INFO:Starting data loading
2024-03-23 09:28:30,328:INFO:Data loading completed
2024-03-23 09:28:30,328:INFO:ETL process completed
2024-03-23 09:28:30,329:INFO:Starting file moving
2024-03-23 09:28:30,329:INFO:File moving completed
2024-03-23 09:28:30,329:INFO:Starting downsampling
2024-03-23 09:28:30,919:INFO:Train file created
2024-03-23 09:28:30,936:INFO:Test file created
2024-03-23 09:29:11,533:INFO:Starting ETL process
2024-03-23 09:29:11,534:INFO:Starting data extraction
2024-03-23 09:34:03,328:INFO:Starting ETL process
2024-03-23 09:34:03,328:INFO:Starting data extraction
2024-03-23 09:35:36,901:INFO:Starting ETL process
2024-03-23 09:35:36,901:INFO:Starting data extraction
2024-03-23 09:37:23,626:INFO:Starting ETL process
2024-03-23 09:37:23,626:INFO:Starting data extraction
2024-03-23 09:47:53,617:INFO:Starting ETL process
2024-03-23 09:47:53,618:INFO:Starting data extraction
2024-03-23 11:02:12,061:INFO:Starting ETL process
2024-03-23 11:02:12,062:INFO:Starting data extraction
2024-03-23 11:04:47,001:INFO:Starting ETL process
2024-03-23 11:04:47,001:INFO:Starting data extraction
